
> ai-event-organiser@0.1.0 dev
> next dev

▲ Next.js 16.1.6 (Turbopack)
- Local:         http://localhost:3000
- Network:       http://192.168.0.122:3000
- Environments: .env.local, .env

✓ Starting...
Creating turbopack project {
  dir: 'C:\\Users\\Yash Tripathi\\Desktop\\unisync-working',
  testMode: true
}
✓ Ready in 7.4s
○ Compiling / ...
 POST / 200 in 71ms (compile: 7ms, proxy.ts: 27ms, render: 36ms)
 GET / 200 in 5.0s (compile: 3.7s, proxy.ts: 339ms, render: 956ms)
 GET /sw.js 404 in 342ms (compile: 87ms, render: 255ms)
 GET / 200 in 85ms (compile: 4ms, proxy.ts: 7ms, render: 74ms)
 GET / 200 in 145ms (compile: 8ms, proxy.ts: 18ms, render: 118ms)
 GET / 200 in 149ms (compile: 9ms, proxy.ts: 59ms, render: 81ms)
 POST / 200 in 31ms (compile: 6ms, proxy.ts: 14ms, render: 11ms)
 GET /sw.js 404 in 727ms (compile: 5ms, render: 722ms)
 GET / 200 in 549ms (compile: 4ms, proxy.ts: 9ms, render: 535ms)
 GET /sw.js 404 in 63ms (compile: 5ms, render: 58ms)
 GET /?__clerk_db_jwt=dvb_3B9k4opmABU6UqKcDO4rSDEO0Tj 200 in 86ms (compile: 3ms, proxy.ts: 7ms, render: 75ms)
 POST /?__clerk_db_jwt=dvb_3B9k4opmABU6UqKcDO4rSDEO0Tj 200 in 20ms (compile: 4ms, proxy.ts: 9ms, render: 7ms)
 GET /sw.js 404 in 62ms (compile: 4ms, render: 59ms)
 POST /?__clerk_db_jwt=dvb_3B9k4opmABU6UqKcDO4rSDEO0Tj/admin 200 in 17ms (compile: 3ms, proxy.ts: 8ms, render: 6ms)
 GET /?__clerk_db_jwt=dvb_3B9k4opmABU6UqKcDO4rSDEO0Tj/admin 200 in 320ms (compile: 4ms, proxy.ts: 11ms, render: 305ms)
 GET /sw.js 404 in 698ms (compile: 5ms, render: 693ms)
✓ Compiled in 128ms
 GET /admin 200 in 4.2s (compile: 2.5s, proxy.ts: 921ms, render: 820ms)
 POST /admin 200 in 41ms (compile: 4ms, proxy.ts: 12ms, render: 25ms)
 GET /sw.js 404 in 413ms (compile: 88ms, render: 325ms)
 GET / 200 in 368ms (compile: 86ms, proxy.ts: 13ms, render: 269ms)
 POST / 200 in 50ms (compile: 5ms, proxy.ts: 21ms, render: 24ms)
 GET /sw.js 404 in 66ms (compile: 4ms, render: 62ms)
 GET / 200 in 89ms (compile: 3ms, proxy.ts: 8ms, render: 78ms)
 POST / 200 in 15ms (compile: 3ms, proxy.ts: 7ms, render: 5ms)
 GET / 200 in 86ms (compile: 4ms, proxy.ts: 4ms, render: 78ms)
 GET /sw.js 404 in 66ms (compile: 6ms, render: 60ms)
 POST /admin 200 in 18ms (compile: 4ms, proxy.ts: 7ms, render: 7ms)
 GET /admin 200 in 699ms (compile: 3ms, proxy.ts: 12ms, render: 684ms)
 GET /sw.js 404 in 56ms (compile: 5ms, render: 51ms)
 GET / 200 in 127ms (compile: 4ms, proxy.ts: 17ms, render: 106ms)
 POST / 200 in 22ms (compile: 4ms, proxy.ts: 12ms, render: 6ms)
 GET /sw.js 404 in 65ms (compile: 5ms, render: 60ms)
 GET /sw.js 404 in 776ms (compile: 5ms, render: 772ms)
 GET /sw.js 404 in 758ms (compile: 4ms, render: 754ms)
 GET /sw.js 404 in 786ms (compile: 4ms, render: 782ms)
 GET /sw.js 404 in 721ms (compile: 5ms, render: 716ms)
 GET / 200 in 159ms (compile: 3ms, proxy.ts: 15ms, render: 141ms)
 POST / 200 in 21ms (compile: 4ms, proxy.ts: 10ms, render: 6ms)
 GET /sw.js 404 in 71ms (compile: 4ms, render: 67ms)
 POST /admin 200 in 17ms (compile: 3ms, proxy.ts: 8ms, render: 6ms)
 GET /admin 200 in 678ms (compile: 4ms, proxy.ts: 17ms, render: 657ms)
 GET /sw.js 404 in 68ms (compile: 4ms, render: 64ms)
 GET / 200 in 34ms (compile: 5ms, proxy.ts: 17ms, render: 13ms)
 GET /sw.js 404 in 752ms (compile: 4ms, render: 748ms)
 GET /sw.js 404 in 771ms (compile: 6ms, render: 766ms)
 POST / 200 in 29ms (compile: 4ms, proxy.ts: 18ms, render: 7ms)
 GET / 200 in 1493ms (compile: 3ms, proxy.ts: 433ms, render: 1057ms)
 GET /sw.js 404 in 61ms (compile: 5ms, render: 56ms)
 GET /admin 200 in 95ms (compile: 4ms, proxy.ts: 16ms, render: 75ms)
 POST /admin 200 in 16ms (compile: 3ms, proxy.ts: 8ms, render: 5ms)
 GET /sw.js 404 in 64ms (compile: 6ms, render: 59ms)
 GET /admin/events 200 in 508ms (compile: 487ms, proxy.ts: 6ms, render: 15ms)
 GET /admin/registrations 200 in 488ms (compile: 449ms, proxy.ts: 23ms, render: 16ms)
 POST / 200 in 16ms (compile: 3ms, proxy.ts: 9ms, render: 4ms)
 GET / 200 in 694ms (compile: 3ms, proxy.ts: 21ms, render: 670ms)
 GET /sw.js 404 in 55ms (compile: 4ms, render: 51ms)
 GET / 200 in 34ms (compile: 3ms, proxy.ts: 18ms, render: 12ms)
 GET /location 200 in 928ms (compile: 148ms, proxy.ts: 22ms, render: 758ms)
 GET /sw.js 404 in 741ms (compile: 5ms, render: 736ms)
 GET /sw.js 404 in 768ms (compile: 5ms, render: 763ms)
 GET /sw.js 404 in 705ms (compile: 7ms, render: 698ms)
 GET /sw.js 404 in 783ms (compile: 5ms, render: 778ms)
 GET /sw.js 404 in 669ms (compile: 4ms, render: 665ms)
 GET /sw.js 404 in 715ms (compile: 4ms, render: 711ms)
 GET /sw.js 404 in 736ms (compile: 5ms, render: 731ms)
 GET /sw.js 404 in 746ms (compile: 4ms, render: 742ms)
 GET /sw.js 404 in 735ms (compile: 4ms, render: 731ms)
 GET /sw.js 404 in 778ms (compile: 5ms, render: 773ms)
 GET /sw.js 404 in 755ms (compile: 5ms, render: 750ms)
 GET /sw.js 404 in 707ms (compile: 5ms, render: 703ms)
 GET /sw.js 404 in 781ms (compile: 5ms, render: 777ms)
 GET /sw.js 404 in 732ms (compile: 5ms, render: 728ms)
✓ Compiled in 163ms
✓ Compiled in 85ms
 GET /sw.js 404 in 1192ms (compile: 125ms, render: 1067ms)
 GET /sw.js 404 in 746ms (compile: 5ms, render: 742ms)
 GET /sw.js 404 in 720ms (compile: 4ms, render: 716ms)
 GET /sw.js 404 in 841ms (compile: 8ms, render: 833ms)
 GET /sw.js 404 in 1571ms (compile: 5ms, render: 1566ms)
 GET /sign-in 200 in 1532ms (compile: 985ms, proxy.ts: 420ms, render: 127ms)
 GET /sign-up 200 in 871ms (compile: 801ms, proxy.ts: 16ms, render: 55ms)
 GET / 200 in 168ms (compile: 108ms, proxy.ts: 31ms, render: 28ms)
 GET /sign-up/SignUp_clerk_catchall_check_1773910124238 200 in 264ms (compile: 16ms, proxy.ts: 11ms, render: 236ms)
 GET /sign-in 200 in 60ms (compile: 9ms, proxy.ts: 20ms, render: 30ms)
 GET / 200 in 74ms (compile: 44ms, proxy.ts: 8ms, render: 22ms)
 GET /sign-in/SignIn_clerk_catchall_check_1773910125444 200 in 343ms (compile: 8ms, proxy.ts: 17ms, render: 318ms)
 GET /sign-up 200 in 166ms (compile: 9ms, proxy.ts: 8ms, render: 149ms)
 GET / 200 in 129ms (compile: 5ms, proxy.ts: 15ms, render: 109ms)
 GET / 200 in 97ms (compile: 63ms, proxy.ts: 19ms, render: 15ms)
 GET /sign-up/SignUp_clerk_catchall_check_1773910126152 200 in 135ms (compile: 22ms, proxy.ts: 32ms, render: 81ms)
 GET /sign-in 200 in 196ms (compile: 10ms, proxy.ts: 7ms, render: 180ms)
 GET / 200 in 127ms (compile: 22ms, proxy.ts: 24ms, render: 80ms)
 GET / 200 in 73ms (compile: 7ms, proxy.ts: 52ms, render: 14ms)
 GET /sign-in/SignIn_clerk_catchall_check_1773910127209 200 in 275ms (compile: 36ms, proxy.ts: 35ms, render: 204ms)
 GET /sw.js 404 in 717ms (compile: 5ms, render: 712ms)
 GET /sw.js 404 in 1750ms (compile: 4ms, render: 1746ms)
✓ Compiled in 173ms
 POST / 200 in 251ms (compile: 136ms, proxy.ts: 10ms, render: 105ms)
 GET / 200 in 22ms (compile: 4ms, proxy.ts: 6ms, render: 13ms)
 GET / 200 in 48ms (compile: 3ms, proxy.ts: 11ms, render: 34ms)
 GET /SignIn_clerk_catchall_check_1773910257254 404 in 480ms (compile: 102ms, proxy.ts: 5ms, render: 373ms)
 POST / 200 in 42ms (compile: 4ms, proxy.ts: 21ms, render: 16ms)
 GET / 200 in 797ms (compile: 3ms, proxy.ts: 8ms, render: 787ms)
 GET /SignIn_clerk_catchall_check_1773910262437 404 in 167ms (compile: 7ms, proxy.ts: 6ms, render: 154ms)
 GET /sw.js 404 in 186ms (compile: 5ms, render: 180ms)
 GET /sw.js 404 in 944ms (compile: 5ms, render: 939ms)
✓ Compiled in 85ms
 POST / 200 in 57ms (compile: 7ms, proxy.ts: 13ms, render: 37ms)
 GET / 200 in 1146ms (compile: 114ms, proxy.ts: 15ms, render: 1016ms)
 GET /sw.js 404 in 69ms (compile: 5ms, render: 64ms)
 GET /sw.js 404 in 984ms (compile: 5ms, render: 980ms)
 GET /location 200 in 189ms (compile: 105ms, proxy.ts: 10ms, render: 74ms)
 GET /partner 200 in 85ms (compile: 55ms, proxy.ts: 13ms, render: 17ms)
 GET /events 200 in 163ms (compile: 135ms, proxy.ts: 12ms, render: 16ms)
 GET /sw.js 404 in 951ms (compile: 7ms, render: 944ms)
 GET / 200 in 32ms (compile: 5ms, proxy.ts: 12ms, render: 14ms)
 GET /events 200 in 147ms (compile: 7ms, proxy.ts: 13ms, render: 128ms)
 GET / 200 in 30ms (compile: 5ms, proxy.ts: 12ms, render: 13ms)
 GET /events 200 in 702ms (compile: 4ms, proxy.ts: 13ms, render: 685ms)
 GET / 200 in 22ms (compile: 4ms, proxy.ts: 5ms, render: 13ms)
 GET /events 200 in 85ms (compile: 4ms, proxy.ts: 14ms, render: 68ms)
 GET / 200 in 27ms (compile: 3ms, proxy.ts: 12ms, render: 12ms)
 GET /events 200 in 65ms (compile: 3ms, proxy.ts: 12ms, render: 49ms)
 GET / 200 in 27ms (compile: 3ms, proxy.ts: 13ms, render: 10ms)
 GET /events 200 in 65ms (compile: 3ms, proxy.ts: 12ms, render: 50ms)
 GET /faq 200 in 229ms (compile: 203ms, proxy.ts: 11ms, render: 15ms)
 GET / 200 in 25ms (compile: 3ms, proxy.ts: 11ms, render: 11ms)
 GET /sw.js 404 in 1047ms (compile: 4ms, render: 1044ms)
 GET /sw.js 404 in 782ms (compile: 6ms, render: 776ms)
 GET /events 200 in 794ms (compile: 7ms, proxy.ts: 9ms, render: 778ms)
 GET /events/unisync-startup-fair 200 in 1179ms (compile: 1132ms, proxy.ts: 11ms, render: 35ms)
 GET /events/unisync-startup-fair 200 in 43ms (compile: 18ms, proxy.ts: 8ms, render: 18ms)
 GET / 200 in 30ms (compile: 4ms, proxy.ts: 9ms, render: 16ms)
 GET /sw.js 404 in 707ms (compile: 6ms, render: 702ms)
✓ Compiled in 131ms
 GET /sw.js 404 in 781ms (compile: 12ms, render: 770ms)
 GET /location 200 in 787ms (compile: 9ms, proxy.ts: 22ms, render: 756ms)
 GET / 200 in 159ms (compile: 118ms, proxy.ts: 18ms, render: 23ms)
 GET /location 200 in 46ms (compile: 3ms, proxy.ts: 16ms, render: 27ms)
 GET /partner 200 in 34ms (compile: 6ms, proxy.ts: 15ms, render: 12ms)
 GET /events 200 in 39ms (compile: 8ms, proxy.ts: 12ms, render: 19ms)
 GET /partner 200 in 18ms (compile: 3ms, proxy.ts: 4ms, render: 11ms)
 GET /location 200 in 29ms (compile: 3ms, proxy.ts: 13ms, render: 13ms)
 GET / 200 in 21ms (compile: 3ms, proxy.ts: 7ms, render: 11ms)
 GET /sw.js 404 in 721ms (compile: 7ms, render: 714ms)
 GET /location 200 in 164ms (compile: 4ms, proxy.ts: 18ms, render: 142ms)
 GET / 200 in 24ms (compile: 4ms, proxy.ts: 6ms, render: 14ms)
 GET /sw.js 404 in 718ms (compile: 4ms, render: 714ms)
 GET /location 200 in 755ms (compile: 4ms, proxy.ts: 6ms, render: 745ms)
 GET /sw.js 404 in 765ms (compile: 6ms, render: 759ms)
 GET / 200 in 22ms (compile: 3ms, proxy.ts: 5ms, render: 14ms)
 GET /sw.js 404 in 810ms (compile: 4ms, render: 806ms)
✓ Compiled in 653ms
 GET / 200 in 525ms (compile: 167ms, proxy.ts: 15ms, render: 343ms)
 GET / 200 in 117ms (compile: 5ms, proxy.ts: 18ms, render: 93ms)
 GET / 200 in 673ms (compile: 237ms, proxy.ts: 216ms, render: 219ms)
 GET / 200 in 83ms (compile: 28ms, proxy.ts: 8ms, render: 48ms)
 GET / 200 in 230ms (compile: 53ms, proxy.ts: 18ms, render: 159ms)
 GET / 200 in 88ms (compile: 6ms, proxy.ts: 27ms, render: 55ms)
 GET / 200 in 202ms (compile: 5ms, proxy.ts: 11ms, render: 186ms)
 GET / 200 in 89ms (compile: 3ms, proxy.ts: 26ms, render: 60ms)
 GET / 200 in 230ms (compile: 7ms, proxy.ts: 49ms, render: 175ms)
 GET / 200 in 158ms (compile: 6ms, proxy.ts: 57ms, render: 95ms)
 GET / 200 in 56ms (compile: 4ms, proxy.ts: 5ms, render: 47ms)
 GET / 200 in 127ms (compile: 10ms, proxy.ts: 39ms, render: 78ms)
 GET / 200 in 56ms (compile: 3ms, proxy.ts: 6ms, render: 48ms)
 GET / 200 in 50ms (compile: 3ms, proxy.ts: 7ms, render: 40ms)
 GET / 200 in 78ms (compile: 3ms, proxy.ts: 7ms, render: 67ms)
 GET / 200 in 50ms (compile: 4ms, proxy.ts: 6ms, render: 40ms)
 GET / 200 in 60ms (compile: 3ms, proxy.ts: 9ms, render: 48ms)
 GET / 200 in 53ms (compile: 4ms, proxy.ts: 7ms, render: 42ms)
 GET /sw.js 404 in 432ms (compile: 106ms, render: 327ms)
 GET / 200 in 591ms (compile: 2ms, proxy.ts: 8ms, render: 581ms)
 POST / 200 in 39ms (compile: 3ms, proxy.ts: 14ms, render: 22ms)
 GET /sw.js 404 in 78ms (compile: 7ms, render: 70ms)
✓ Compiled in 111ms
 GET /location 200 in 847ms (compile: 115ms, proxy.ts: 22ms, render: 709ms)
 GET / 200 in 113ms (compile: 83ms, proxy.ts: 4ms, render: 27ms)
 GET /partner 200 in 209ms (compile: 106ms, proxy.ts: 20ms, render: 84ms)
 GET /events 200 in 167ms (compile: 121ms, proxy.ts: 11ms, render: 35ms)
 GET / 200 in 24ms (compile: 4ms, proxy.ts: 6ms, render: 14ms)
 GET /sw.js 404 in 1105ms (compile: 112ms, render: 993ms)
✓ Compiled in 247ms
 GET /location 200 in 92ms (compile: 7ms, proxy.ts: 20ms, render: 66ms)
 GET / 200 in 23ms (compile: 5ms, proxy.ts: 7ms, render: 12ms)
 GET /sw.js 404 in 837ms (compile: 8ms, render: 829ms)
 GET /admin 200 in 1103ms (compile: 160ms, proxy.ts: 20ms, render: 923ms)
 POST /admin 200 in 71ms (compile: 7ms, proxy.ts: 20ms, render: 44ms)
 GET /sw.js 404 in 211ms (compile: 5ms, render: 207ms)
 GET / 200 in 19ms (compile: 3ms, proxy.ts: 6ms, render: 11ms)
 GET /location 200 in 142ms (compile: 3ms, proxy.ts: 22ms, render: 117ms)
 GET / 200 in 24ms (compile: 3ms, proxy.ts: 11ms, render: 10ms)
 GET /location 200 in 678ms (compile: 4ms, proxy.ts: 18ms, render: 656ms)
 GET /partner 200 in 35ms (compile: 6ms, proxy.ts: 9ms, render: 20ms)
 GET / 200 in 36ms (compile: 4ms, proxy.ts: 18ms, render: 15ms)
 POST / 200 in 93ms (compile: 4ms, proxy.ts: 11ms, render: 78ms)
 GET / 200 in 20ms (compile: 3ms, proxy.ts: 5ms, render: 12ms)
 GET / 200 in 40ms (compile: 3ms, proxy.ts: 5ms, render: 32ms)
✓ Compiled in 858ms
 GET / 200 in 765ms (compile: 287ms, proxy.ts: 10ms, render: 467ms)
 GET / 200 in 196ms (compile: 86ms, proxy.ts: 50ms, render: 60ms)
 GET / 200 in 1150ms (compile: 409ms, proxy.ts: 23ms, render: 718ms)
 GET / 200 in 145ms (compile: 8ms, proxy.ts: 41ms, render: 96ms)
 GET / 200 in 371ms (compile: 45ms, proxy.ts: 34ms, render: 292ms)
 GET / 200 in 98ms (compile: 7ms, proxy.ts: 9ms, render: 82ms)
 GET / 200 in 312ms (compile: 9ms, proxy.ts: 63ms, render: 239ms)
 GET / 200 in 274ms (compile: 9ms, proxy.ts: 69ms, render: 196ms)
 GET / 200 in 79ms (compile: 24ms, proxy.ts: 7ms, render: 48ms)
 GET / 200 in 280ms (compile: 44ms, proxy.ts: 8ms, render: 229ms)
 GET / 200 in 111ms (compile: 5ms, proxy.ts: 28ms, render: 78ms)
 GET / 200 in 274ms (compile: 5ms, proxy.ts: 15ms, render: 255ms)
 GET / 200 in 110ms (compile: 6ms, proxy.ts: 30ms, render: 74ms)
 GET / 200 in 245ms (compile: 5ms, proxy.ts: 13ms, render: 227ms)
 GET / 200 in 114ms (compile: 6ms, proxy.ts: 9ms, render: 99ms)
 GET / 200 in 312ms (compile: 21ms, proxy.ts: 65ms, render: 226ms)
 GET / 200 in 288ms (compile: 51ms, proxy.ts: 7ms, render: 230ms)
 GET / 200 in 98ms (compile: 7ms, proxy.ts: 11ms, render: 79ms)
 GET / 200 in 206ms (compile: 23ms, proxy.ts: 9ms, render: 175ms)
 GET / 200 in 116ms (compile: 13ms, proxy.ts: 52ms, render: 51ms)
 GET /sw.js 404 in 510ms (compile: 112ms, render: 398ms)
 GET / 200 in 680ms (compile: 31ms, proxy.ts: 8ms, render: 642ms)
 POST / 200 in 44ms (compile: 5ms, proxy.ts: 10ms, render: 29ms)
 GET /sw.js 404 in 79ms (compile: 6ms, render: 73ms)
 GET /sw.js 404 in 732ms (compile: 9ms, render: 723ms)
✓ Compiled in 199ms
 GET /sw.js 404 in 1141ms (compile: 118ms, render: 1023ms)
 GET /location 200 in 887ms (compile: 119ms, proxy.ts: 17ms, render: 751ms)
 GET /partner 200 in 142ms (compile: 112ms, proxy.ts: 6ms, render: 24ms)
 GET /location 200 in 30ms (compile: 3ms, proxy.ts: 11ms, render: 16ms)
 GET / 200 in 151ms (compile: 121ms, proxy.ts: 8ms, render: 22ms)
✓ Compiled in 207ms
 GET /sw.js 404 in 1124ms (compile: 90ms, render: 1035ms)
✓ Compiled in 232ms
